<?xml version="1.0" encoding="UTF-8"?>
<!-- Generated by org.testng.reporters.JUnitXMLReporter -->
<testsuite hostname="Jasons-MacBook-Pro.local" name="Test" tests="1" failures="1" timestamp="27 Jan 2017 07:51:36 GMT" time="10601.589" errors="0">
  <testcase name="TestMarketWatch" time="10601.339" classname="openmarketwatch.marketwatch">
    <failure type="org.openqa.selenium.WebDriverException" message="Failed to decode response from marionette
Build info: version: &amp;apos;3.0.1&amp;apos;, revision: &amp;apos;1969d75&amp;apos;, time: &amp;apos;2016-10-18 09:49:13 -0700&amp;apos;
System info: host: &amp;apos;Jasons-MacBook-Pro.local&amp;apos;, ip: &amp;apos;192.168.0.7&amp;apos;, os.name: &amp;apos;Mac OS X&amp;apos;, os.arch: &amp;apos;x86_64&amp;apos;, os.version: &amp;apos;10.12.2&amp;apos;, java.version: &amp;apos;1.8.0_111&amp;apos;
Driver info: org.openqa.selenium.firefox.FirefoxDriver
Capabilities [{rotatable=false, raisesAccessibilityExceptions=false, marionette=true, firefoxOptions={args=[], prefs={}}, appBuildId=20161208153507, moz:firefoxOptions={args=[], prefs={}}, version=, platform=MAC, proxy={}, command_id=1, specificationLevel=0, acceptSslCerts=false, processId=76425, browserVersion=50.1.0, platformVersion=16.3.0, XULappId={ec8030f7-c20a-464f-9b0e-13a3a9e97384}, browserName=firefox, takesScreenshot=true, takesElementScreenshot=true, platformName=darwin}]
Session ID: f7debbcb-a547-3c4d-a0f6-930686118f99">
      <![CDATA[org.openqa.selenium.WebDriverException: Failed to decode response from marionette
Build info: version: '3.0.1', revision: '1969d75', time: '2016-10-18 09:49:13 -0700'
System info: host: 'Jasons-MacBook-Pro.local', ip: '192.168.0.7', os.name: 'Mac OS X', os.arch: 'x86_64', os.version: '10.12.2', java.version: '1.8.0_111'
Driver info: org.openqa.selenium.firefox.FirefoxDriver
Capabilities [{rotatable=false, raisesAccessibilityExceptions=false, marionette=true, firefoxOptions={args=[], prefs={}}, appBuildId=20161208153507, moz:firefoxOptions={args=[], prefs={}}, version=, platform=MAC, proxy={}, command_id=1, specificationLevel=0, acceptSslCerts=false, processId=76425, browserVersion=50.1.0, platformVersion=16.3.0, XULappId={ec8030f7-c20a-464f-9b0e-13a3a9e97384}, browserName=firefox, takesScreenshot=true, takesElementScreenshot=true, platformName=darwin}]
Session ID: f7debbcb-a547-3c4d-a0f6-930686118f99
	at org.openqa.selenium.remote.http.W3CHttpResponseCodec.createException(W3CHttpResponseCodec.java:127)
	at org.openqa.selenium.remote.http.W3CHttpResponseCodec.decode(W3CHttpResponseCodec.java:93)
	at org.openqa.selenium.remote.http.W3CHttpResponseCodec.decode(W3CHttpResponseCodec.java:42)
	at org.openqa.selenium.remote.HttpCommandExecutor.execute(HttpCommandExecutor.java:163)
	at org.openqa.selenium.remote.service.DriverCommandExecutor.execute(DriverCommandExecutor.java:82)
	at org.openqa.selenium.remote.RemoteWebDriver.execute(RemoteWebDriver.java:601)
	at org.openqa.selenium.remote.RemoteWebDriver.get(RemoteWebDriver.java:322)
	at openmarketwatch.marketwatch.TestMarketWatch(marketwatch.java:23)
... Removed 28 stack frames]]>
    </failure>
  </testcase> <!-- TestMarketWatch -->
</testsuite> <!-- Test -->
