<?xml version="1.0" encoding="UTF-8"?>
<testng-results skipped="0" failed="0" total="1" passed="1">
  <reporter-output>
  </reporter-output>
  <suite name="Suite" duration-ms="14495" started-at="2017-01-29T04:38:37Z" finished-at="2017-01-29T04:38:52Z">
    <groups>
    </groups>
    <test name="Test" duration-ms="14495" started-at="2017-01-29T04:38:37Z" finished-at="2017-01-29T04:38:52Z">
      <class name="openmarketwatch.marketwatch">
        <test-method status="PASS" signature="TestMarketWatch()[pri:0, instance:openmarketwatch.marketwatch@4157f54e]" name="TestMarketWatch" duration-ms="14480" started-at="2017-01-28T20:38:37Z" finished-at="2017-01-28T20:38:52Z">
          <reporter-output>
          </reporter-output>
        </test-method> <!-- TestMarketWatch -->
      </class> <!-- openmarketwatch.marketwatch -->
    </test> <!-- Test -->
  </suite> <!-- Suite -->
</testng-results>
