<?xml version="1.0" encoding="UTF-8"?>
<testng-results skipped="0" failed="0" total="1" passed="1">
  <reporter-output>
  </reporter-output>
  <suite name="Default suite" duration-ms="13401" started-at="2017-01-29T05:57:29Z" finished-at="2017-01-29T05:57:42Z">
    <groups>
    </groups>
    <test name="Default test" duration-ms="13401" started-at="2017-01-29T05:57:29Z" finished-at="2017-01-29T05:57:42Z">
      <class name="openmarketwatch.marketwatch">
        <test-method status="PASS" signature="TestMarketWatch()[pri:0, instance:openmarketwatch.marketwatch@7d9d1a19]" name="TestMarketWatch" duration-ms="13094" started-at="2017-01-28T21:57:29Z" finished-at="2017-01-28T21:57:42Z">
          <reporter-output>
          </reporter-output>
        </test-method> <!-- TestMarketWatch -->
        <test-method status="PASS" signature="TearDown()[pri:0, instance:openmarketwatch.marketwatch@7d9d1a19]" name="TearDown" is-config="true" duration-ms="290" started-at="2017-01-28T21:57:42Z" finished-at="2017-01-28T21:57:42Z">
          <reporter-output>
          </reporter-output>
        </test-method> <!-- TearDown -->
      </class> <!-- openmarketwatch.marketwatch -->
    </test> <!-- Default test -->
  </suite> <!-- Default suite -->
</testng-results>
